Performing C SOURCE FILE Test CMAKE_HAVE_LIBC_PTHREAD failed with the following output:
Change Dir: /home/nvidia/catkin_ws/build/CMakeFiles/CMakeTmp

Run Build Command(s):/usr/bin/make cmTC_7482f/fast && /usr/bin/make  -f CMakeFiles/cmTC_7482f.dir/build.make CMakeFiles/cmTC_7482f.dir/build
make[1]: Entering directory '/home/nvidia/catkin_ws/build/CMakeFiles/CMakeTmp'
Building C object CMakeFiles/cmTC_7482f.dir/src.c.o
/usr/bin/cc -DCMAKE_HAVE_LIBC_PTHREAD   -o CMakeFiles/cmTC_7482f.dir/src.c.o -c /home/nvidia/catkin_ws/build/CMakeFiles/CMakeTmp/src.c
Linking C executable cmTC_7482f
/usr/local/bin/cmake -E cmake_link_script CMakeFiles/cmTC_7482f.dir/link.txt --verbose=1
/usr/bin/cc -rdynamic CMakeFiles/cmTC_7482f.dir/src.c.o -o cmTC_7482f 
CMakeFiles/cmTC_7482f.dir/src.c.o: In function `main':
src.c:(.text+0x48): undefined reference to `pthread_create'
src.c:(.text+0x50): undefined reference to `pthread_detach'
src.c:(.text+0x58): undefined reference to `pthread_cancel'
src.c:(.text+0x64): undefined reference to `pthread_join'
src.c:(.text+0x74): undefined reference to `pthread_atfork'
collect2: error: ld returned 1 exit status
CMakeFiles/cmTC_7482f.dir/build.make:105: recipe for target 'cmTC_7482f' failed
make[1]: *** [cmTC_7482f] Error 1
make[1]: Leaving directory '/home/nvidia/catkin_ws/build/CMakeFiles/CMakeTmp'
Makefile:140: recipe for target 'cmTC_7482f/fast' failed
make: *** [cmTC_7482f/fast] Error 2


Source file was:
#include <pthread.h>

static void* test_func(void* data)
{
  return data;
}

int main(void)
{
  pthread_t thread;
  pthread_create(&thread, NULL, test_func, NULL);
  pthread_detach(thread);
  pthread_cancel(thread);
  pthread_join(thread, NULL);
  pthread_atfork(NULL, NULL, NULL);
  pthread_exit(NULL);

  return 0;
}

Determining if the function pthread_create exists in the pthreads failed with the following output:
Change Dir: /home/nvidia/catkin_ws/build/CMakeFiles/CMakeTmp

Run Build Command(s):/usr/bin/make cmTC_25d3a/fast && /usr/bin/make  -f CMakeFiles/cmTC_25d3a.dir/build.make CMakeFiles/cmTC_25d3a.dir/build
make[1]: Entering directory '/home/nvidia/catkin_ws/build/CMakeFiles/CMakeTmp'
Building C object CMakeFiles/cmTC_25d3a.dir/CheckFunctionExists.c.o
/usr/bin/cc   -DCHECK_FUNCTION_EXISTS=pthread_create -o CMakeFiles/cmTC_25d3a.dir/CheckFunctionExists.c.o -c /usr/local/share/cmake-3.19/Modules/CheckFunctionExists.c
Linking C executable cmTC_25d3a
/usr/local/bin/cmake -E cmake_link_script CMakeFiles/cmTC_25d3a.dir/link.txt --verbose=1
/usr/bin/cc  -DCHECK_FUNCTION_EXISTS=pthread_create -rdynamic CMakeFiles/cmTC_25d3a.dir/CheckFunctionExists.c.o -o cmTC_25d3a  -lpthreads 
/usr/bin/ld: cannot find -lpthreads
collect2: error: ld returned 1 exit status
CMakeFiles/cmTC_25d3a.dir/build.make:105: recipe for target 'cmTC_25d3a' failed
make[1]: *** [cmTC_25d3a] Error 1
make[1]: Leaving directory '/home/nvidia/catkin_ws/build/CMakeFiles/CMakeTmp'
Makefile:140: recipe for target 'cmTC_25d3a/fast' failed
make: *** [cmTC_25d3a/fast] Error 2



